# JRE version: OpenJDK Runtime Environment Temurin-21.0.10+7 (21.0.10+7) (build 21.0.10+7-LTS)
# Java VM: OpenJDK 64-Bit Server VM Temurin-21.0.10+7 (21.0.10+7-LTS, mixed mode, sharing, tiered, compressed oops, compressed class ptrs, g1 gc, windows-amd64)
GC Precious Log:
 CardTable entry size: 512
 Card Set container configuration: InlinePtr #cards 5 size 8 Array Of Cards #cards 12 size 40 Howl #buckets 4 coarsen threshold 1843 Howl Bitmap #cards 512 size 80 coarsen threshold 460 Card regions per heap region 1 cards per card region 2048
 CPUs: 14 total, 14 available
 Memory: 7657M
 Large Page Support: Disabled
 NUMA Support: Disabled
 Compressed Oops: Enabled (32-bit)
 Heap Region Size: 1M
 Heap Min Capacity: 256M
 Heap Initial Capacity: 256M
 Heap Max Capacity: 512M
 Pre-touch: Disabled
 Parallel Workers: 11
 Concurrent Workers: 3
 Concurrent Refinement Workers: 11
 Periodic GC: Disabled
Heap:
 garbage-first heap   total 262144K, used 77961K [0x00000000e0000000, 0x0000000100000000)
  region size 1024K, 54 young (55296K), 14 survivors (14336K)
 Metaspace       used 53182K, committed 54848K, reserved 393216K
  class space    used 7719K, committed 8512K, reserved 327680K
GC Heap History (12 events):
Event: 1.457 GC heap before
{Heap before GC invocations=0 (full 0):
 garbage-first heap   total 262144K, used 22528K [0x00000000e0000000, 0x0000000100000000)
  region size 1024K, 23 young (23552K), 0 survivors (0K)
 Metaspace       used 1080K, committed 1216K, reserved 393216K
  class space    used 81K, committed 128K, reserved 327680K
}
Event: 1.466 GC heap after
{Heap after GC invocations=1 (full 0):
 garbage-first heap   total 262144K, used 2693K [0x00000000e0000000, 0x0000000100000000)
  region size 1024K, 3 young (3072K), 3 survivors (3072K)
 Metaspace       used 1080K, committed 1216K, reserved 393216K
  class space    used 81K, committed 128K, reserved 327680K
}
Event: 2.740 GC heap before
{Heap before GC invocations=1 (full 0):
 garbage-first heap   total 262144K, used 40581K [0x00000000e0000000, 0x0000000100000000)
  region size 1024K, 38 young (38912K), 3 survivors (3072K)
 Metaspace       used 4361K, committed 4544K, reserved 393216K
  class space    used 553K, committed 640K, reserved 327680K
}
Event: 2.745 GC heap after
{Heap after GC invocations=2 (full 0):
 garbage-first heap   total 262144K, used 10304K [0x00000000e0000000, 0x0000000100000000)
  region size 1024K, 5 young (5120K), 5 survivors (5120K)
 Metaspace       used 4361K, committed 4544K, reserved 393216K
  class space    used 553K, committed 640K, reserved 327680K
}
Event: 3.955 GC heap before
{Heap before GC invocations=2 (full 0):
 garbage-first heap   total 262144K, used 61504K [0x00000000e0000000, 0x0000000100000000)
  region size 1024K, 53 young (54272K), 5 survivors (5120K)
 Metaspace       used 5821K, committed 6080K, reserved 393216K
  class space    used 777K, committed 896K, reserved 327680K
}
Event: 3.962 GC heap after
{Heap after GC invocations=3 (full 0):
 garbage-first heap   total 262144K, used 17709K [0x00000000e0000000, 0x0000000100000000)
  region size 1024K, 6 young (6144K), 6 survivors (6144K)
 Metaspace       used 5821K, committed 6080K, reserved 393216K
  class space    used 777K, committed 896K, reserved 327680K
}
Event: 7.291 GC heap before
{Heap before GC invocations=3 (full 0):
 garbage-first heap   total 262144K, used 107821K [0x00000000e0000000, 0x0000000100000000)
  region size 1024K, 95 young (97280K), 6 survivors (6144K)
 Metaspace       used 20835K, committed 21504K, reserved 393216K
  class space    used 3082K, committed 3392K, reserved 327680K
}
Event: 7.301 GC heap after
{Heap after GC invocations=4 (full 0):
 garbage-first heap   total 262144K, used 24090K [0x00000000e0000000, 0x0000000100000000)
  region size 1024K, 13 young (13312K), 13 survivors (13312K)
 Metaspace       used 20835K, committed 21504K, reserved 393216K
  class space    used 3082K, committed 3392K, reserved 327680K
}
Event: 15.070 GC heap before
{Heap before GC invocations=5 (full 0):
 garbage-first heap   total 262144K, used 114202K [0x00000000e0000000, 0x0000000100000000)
  region size 1024K, 103 young (105472K), 13 survivors (13312K)
 Metaspace       used 34682K, committed 35968K, reserved 393216K
  class space    used 5172K, committed 5824K, reserved 327680K
}
Event: 15.089 GC heap after
{Heap after GC invocations=6 (full 0):
 garbage-first heap   total 262144K, used 30564K [0x00000000e0000000, 0x0000000100000000)
  region size 1024K, 14 young (14336K), 14 survivors (14336K)
 Metaspace       used 34682K, committed 35968K, reserved 393216K
  class space    used 5172K, committed 5824K, reserved 327680K
}
Event: 41.534 GC heap before
{Heap before GC invocations=7 (full 0):
 garbage-first heap   total 262144K, used 179044K [0x00000000e0000000, 0x0000000100000000)
  region size 1024K, 153 young (156672K), 14 survivors (14336K)
 Metaspace       used 48042K, committed 49600K, reserved 393216K
  class space    used 6969K, committed 7744K, reserved 327680K
}
Event: 41.724 GC heap after
{Heap after GC invocations=8 (full 0):
 garbage-first heap   total 262144K, used 38025K [0x00000000e0000000, 0x0000000100000000)
  region size 1024K, 14 young (14336K), 14 survivors (14336K)
 Metaspace       used 48042K, committed 49600K, reserved 393216K
  class space    used 6969K, committed 7744K, reserved 327680K
}

